{
  "uid" : "834005f67e65926a",
  "name" : "test_if_site_title_is_correct",
  "fullName" : "Tests.test_basic.TestBasic#test_if_site_title_is_correct",
  "historyId" : "d32c756d212d77a294bbbb1cf3b4b108",
  "time" : {
    "start" : 1605454588196,
    "stop" : 1605454588297,
    "duration" : 101
  },
  "description" : "Checking that app title is correct",
  "descriptionHtml" : "<p>Checking that app title is correct</p>\n",
  "status" : "failed",
  "statusMessage" : "AssertionError: App title is incorrect\nassert 'nopCommerce demo store' == '1nopCommerce demo store'\n  - 1nopCommerce demo store\n  ? -\n  + nopCommerce demo store",
  "statusTrace" : "self = <test_basic.TestBasic object at 0x0000024A90BF7DC0>\ninit_driver = <selenium.webdriver.remote.webdriver.WebDriver (session=\"78405dbe66ff13dff836868bc6af73c8\")>\n\n    @allure.severity(allure.severity_level.TRIVIAL)\n    @allure.description('Checking that app title is correct')\n    def test_if_site_title_is_correct(self, init_driver):\n        home_page = HomePage(init_driver)\n        actual_title = home_page.get_home_page_title()\n>       assert actual_title == self.APP_TITLE, \"App title is incorrect\"\nE       AssertionError: App title is incorrect\nE       assert 'nopCommerce demo store' == '1nopCommerce demo store'\nE         - 1nopCommerce demo store\nE         ? -\nE         + nopCommerce demo store\n\nTests\\test_basic.py:15: AssertionError",
  "flaky" : false,
  "newFailed" : false,
  "beforeStages" : [ {
    "name" : "init_driver",
    "time" : {
      "start" : 1605454579322,
      "stop" : 1605454588193,
      "duration" : 8871
    },
    "status" : "passed",
    "steps" : [ ],
    "attachments" : [ ],
    "parameters" : [ ],
    "stepsCount" : 0,
    "hasContent" : false,
    "attachmentsCount" : 0,
    "shouldDisplayMessage" : false
  }, {
    "name" : "config_browser",
    "time" : {
      "start" : 1605454579321,
      "stop" : 1605454579321,
      "duration" : 0
    },
    "status" : "passed",
    "steps" : [ ],
    "attachments" : [ ],
    "parameters" : [ ],
    "stepsCount" : 0,
    "hasContent" : false,
    "attachmentsCount" : 0,
    "shouldDisplayMessage" : false
  }, {
    "name" : "read_config_file",
    "time" : {
      "start" : 1605454579319,
      "stop" : 1605454579320,
      "duration" : 1
    },
    "status" : "passed",
    "steps" : [ ],
    "attachments" : [ ],
    "parameters" : [ ],
    "stepsCount" : 0,
    "hasContent" : false,
    "attachmentsCount" : 0,
    "shouldDisplayMessage" : false
  }, {
    "name" : "config_platform",
    "time" : {
      "start" : 1605454579321,
      "stop" : 1605454579321,
      "duration" : 0
    },
    "status" : "passed",
    "steps" : [ ],
    "attachments" : [ ],
    "parameters" : [ ],
    "stepsCount" : 0,
    "hasContent" : false,
    "attachmentsCount" : 0,
    "shouldDisplayMessage" : false
  } ],
  "testStage" : {
    "description" : "Checking that app title is correct",
    "status" : "failed",
    "statusMessage" : "AssertionError: App title is incorrect\nassert 'nopCommerce demo store' == '1nopCommerce demo store'\n  - 1nopCommerce demo store\n  ? -\n  + nopCommerce demo store",
    "statusTrace" : "self = <test_basic.TestBasic object at 0x0000024A90BF7DC0>\ninit_driver = <selenium.webdriver.remote.webdriver.WebDriver (session=\"78405dbe66ff13dff836868bc6af73c8\")>\n\n    @allure.severity(allure.severity_level.TRIVIAL)\n    @allure.description('Checking that app title is correct')\n    def test_if_site_title_is_correct(self, init_driver):\n        home_page = HomePage(init_driver)\n        actual_title = home_page.get_home_page_title()\n>       assert actual_title == self.APP_TITLE, \"App title is incorrect\"\nE       AssertionError: App title is incorrect\nE       assert 'nopCommerce demo store' == '1nopCommerce demo store'\nE         - 1nopCommerce demo store\nE         ? -\nE         + nopCommerce demo store\n\nTests\\test_basic.py:15: AssertionError",
    "steps" : [ ],
    "attachments" : [ {
      "uid" : "bf0dd0a5203a9abe",
      "name" : "log",
      "source" : "bf0dd0a5203a9abe.txt",
      "type" : "text/plain",
      "size" : 748
    } ],
    "parameters" : [ ],
    "stepsCount" : 0,
    "hasContent" : true,
    "attachmentsCount" : 1,
    "shouldDisplayMessage" : true
  },
  "afterStages" : [ {
    "name" : "init_driver::0",
    "time" : {
      "start" : 1605454588609,
      "stop" : 1605454590470,
      "duration" : 1861
    },
    "status" : "passed",
    "steps" : [ ],
    "attachments" : [ {
      "uid" : "40b4df354fc720fe",
      "name" : "screenshot_test_if_site_title_is_correct",
      "source" : "40b4df354fc720fe.attach",
      "type" : "image/png",
      "size" : 360739
    } ],
    "parameters" : [ ],
    "stepsCount" : 0,
    "hasContent" : true,
    "attachmentsCount" : 1,
    "shouldDisplayMessage" : false
  } ],
  "labels" : [ {
    "name" : "severity",
    "value" : "trivial"
  }, {
    "name" : "parentSuite",
    "value" : "Tests"
  }, {
    "name" : "suite",
    "value" : "test_basic"
  }, {
    "name" : "subSuite",
    "value" : "TestBasic"
  }, {
    "name" : "host",
    "value" : "RAP-PF0TKNDX"
  }, {
    "name" : "thread",
    "value" : "15864-MainThread"
  }, {
    "name" : "framework",
    "value" : "pytest"
  }, {
    "name" : "language",
    "value" : "cpython3"
  }, {
    "name" : "package",
    "value" : "Tests.test_basic"
  }, {
    "name" : "resultFormat",
    "value" : "allure2"
  } ],
  "parameters" : [ ],
  "links" : [ ],
  "hidden" : true,
  "retry" : true,
  "extra" : {
    "categories" : [ ],
    "tags" : [ ]
  },
  "source" : "834005f67e65926a.json",
  "parameterValues" : [ ]
}